[ 11485.018] (--) Log file renamed from "/home/student01/.local/share/xorg/Xorg.pid-5033.log" to "/home/student01/.local/share/xorg/Xorg.0.log"
[ 11485.026] 
X.Org X Server 1.20.4
X Protocol Version 11, Revision 0
[ 11485.026] Build Operating System: Linux 4.4.0-148-generic x86_64 Ubuntu
[ 11485.026] Current Operating System: Linux Linux-Plus-Ubuntu 5.0.0-27-generic #28~18.04.1-Ubuntu SMP Thu Aug 22 03:00:32 UTC 2019 x86_64
[ 11485.026] Kernel command line: BOOT_IMAGE=/boot/vmlinuz-5.0.0-27-generic root=UUID=c04a8d17-baa8-43dd-a0e2-9a44124f32a8 ro quiet splash
[ 11485.026] Build Date: 02 May 2019  08:06:54AM
[ 11485.026] xorg-server-hwe-18.04 2:1.20.4-1ubuntu3~18.04.1 (For technical support please see http://www.ubuntu.com/support) 
[ 11485.026] Current version of pixman: 0.34.0
[ 11485.026] 	Before reporting problems, check http://wiki.x.org
	to make sure that you have the latest version.
[ 11485.026] Markers: (--) probed, (**) from config file, (==) default setting,
	(++) from command line, (!!) notice, (II) informational,
	(WW) warning, (EE) error, (NI) not implemented, (??) unknown.
[ 11485.026] (==) Log file: "/home/student01/.local/share/xorg/Xorg.0.log", Time: Tue Sep 17 10:39:13 2019
[ 11485.051] (==) Using system config directory "/usr/share/X11/xorg.conf.d"
[ 11485.089] (==) No Layout section.  Using the first Screen section.
[ 11485.089] (==) No screen section available. Using defaults.
[ 11485.089] (**) |-->Screen "Default Screen Section" (0)
[ 11485.089] (**) |   |-->Monitor "<default monitor>"
[ 11485.091] (==) No monitor specified for screen "Default Screen Section".
	Using a default monitor configuration.
[ 11485.091] (==) Automatically adding devices
[ 11485.091] (==) Automatically enabling devices
[ 11485.091] (==) Automatically adding GPU devices
[ 11485.091] (==) Automatically binding GPU devices
[ 11485.091] (==) Max clients allowed: 256, resource mask: 0x1fffff
[ 11485.091] (WW) The directory "/usr/share/fonts/X11/cyrillic" does not exist.
[ 11485.091] 	Entry deleted from font path.
[ 11485.091] (WW) The directory "/usr/share/fonts/X11/100dpi/" does not exist.
[ 11485.091] 	Entry deleted from font path.
[ 11485.091] (WW) The directory "/usr/share/fonts/X11/75dpi/" does not exist.
[ 11485.091] 	Entry deleted from font path.
[ 11485.091] (WW) The directory "/usr/share/fonts/X11/100dpi" does not exist.
[ 11485.091] 	Entry deleted from font path.
[ 11485.091] (WW) The directory "/usr/share/fonts/X11/75dpi" does not exist.
[ 11485.091] 	Entry deleted from font path.
[ 11485.091] (==) FontPath set to:
	/usr/share/fonts/X11/misc,
	/usr/share/fonts/X11/Type1,
	built-ins
[ 11485.091] (==) ModulePath set to "/usr/lib/xorg/modules"
[ 11485.091] (II) The server relies on udev to provide the list of input devices.
	If no devices become available, reconfigure udev or disable AutoAddDevices.
[ 11485.091] (II) Loader magic: 0x55e820541020
[ 11485.091] (II) Module ABI versions:
[ 11485.091] 	X.Org ANSI C Emulation: 0.4
[ 11485.091] 	X.Org Video Driver: 24.0
[ 11485.091] 	X.Org XInput driver : 24.1
[ 11485.091] 	X.Org Server Extension : 10.0
[ 11485.092] (++) using VT number 3

[ 11485.096] (II) systemd-logind: took control of session /org/freedesktop/login1/session/_310
[ 11485.097] (II) xfree86: Adding drm device (/dev/dri/card0)
[ 11485.099] (II) systemd-logind: got fd for /dev/dri/card0 226:0 fd 12 paused 0
[ 11485.102] (--) PCI:*(0@0:2:0) 15ad:0405:15ad:0405 rev 0, Mem @ 0xf0000000/16777216, 0xf1000000/2097152, I/O @ 0x0000d010/16, BIOS @ 0x????????/131072
[ 11485.102] (II) LoadModule: "glx"
[ 11485.112] (II) Loading /usr/lib/xorg/modules/extensions/libglx.so
[ 11485.122] (II) Module glx: vendor="X.Org Foundation"
[ 11485.122] 	compiled for 1.20.4, module version = 1.0.0
[ 11485.123] 	ABI class: X.Org Server Extension, version 10.0
[ 11485.123] (==) Matched vmware as autoconfigured driver 0
[ 11485.123] (==) Matched modesetting as autoconfigured driver 1
[ 11485.123] (==) Matched fbdev as autoconfigured driver 2
[ 11485.123] (==) Matched vesa as autoconfigured driver 3
[ 11485.123] (==) Assigned the driver to the xf86ConfigLayout
[ 11485.123] (II) LoadModule: "vmware"
[ 11485.124] (II) Loading /usr/lib/xorg/modules/drivers/vmware_drv.so
[ 11485.189] (II) Module vmware: vendor="X.Org Foundation"
[ 11485.189] 	compiled for 1.20.1, module version = 13.3.0
[ 11485.189] 	Module class: X.Org Video Driver
[ 11485.189] 	ABI class: X.Org Video Driver, version 24.0
[ 11485.189] (II) LoadModule: "modesetting"
[ 11485.189] (II) Loading /usr/lib/xorg/modules/drivers/modesetting_drv.so
[ 11485.203] (II) Module modesetting: vendor="X.Org Foundation"
[ 11485.203] 	compiled for 1.20.4, module version = 1.20.4
[ 11485.203] 	Module class: X.Org Video Driver
[ 11485.203] 	ABI class: X.Org Video Driver, version 24.0
[ 11485.203] (II) LoadModule: "fbdev"
[ 11485.203] (II) Loading /usr/lib/xorg/modules/drivers/fbdev_drv.so
[ 11485.214] (II) Module fbdev: vendor="X.Org Foundation"
[ 11485.214] 	compiled for 1.20.1, module version = 0.5.0
[ 11485.214] 	Module class: X.Org Video Driver
[ 11485.214] 	ABI class: X.Org Video Driver, version 24.0
[ 11485.214] (II) LoadModule: "vesa"
[ 11485.214] (II) Loading /usr/lib/xorg/modules/drivers/vesa_drv.so
[ 11485.218] (II) Module vesa: vendor="X.Org Foundation"
[ 11485.218] 	compiled for 1.20.1, module version = 2.4.0
[ 11485.219] 	Module class: X.Org Video Driver
[ 11485.219] 	ABI class: X.Org Video Driver, version 24.0
[ 11485.219] (II) vmware: driver for VMware SVGA: vmware0405, vmware0710
[ 11485.219] (II) modesetting: Driver for Modesetting Kernel Drivers: kms
[ 11485.219] (II) FBDEV: driver for framebuffer: fbdev
[ 11485.219] (II) VESA: driver for VESA chipsets: vesa
[ 11485.219] xf86EnableIOPorts: failed to set IOPL for I/O (Operation not permitted)
[ 11485.219] (WW) Falling back to old probe method for modesetting
[ 11485.220] (WW) Falling back to old probe method for fbdev
[ 11485.220] (II) Loading sub module "fbdevhw"
[ 11485.220] (II) LoadModule: "fbdevhw"
[ 11485.220] (II) Loading /usr/lib/xorg/modules/libfbdevhw.so
[ 11485.227] (II) Module fbdevhw: vendor="X.Org Foundation"
[ 11485.227] 	compiled for 1.20.4, module version = 0.0.2
[ 11485.229] 	ABI class: X.Org Video Driver, version 24.0
[ 11485.229] (EE) open /dev/fb0: Permission denied
[ 11485.230] (WW) VGA arbiter: cannot open kernel arbiter, no multi-card support
[ 11485.230] (II) vmware(0): Creating default Display subsection in Screen section
	"Default Screen Section" for depth/fbbpp 24/32
[ 11485.230] (--) vmware(0): DRM driver version is 2.15.0
[ 11485.231] (==) vmware(0): Depth 24, (--) framebuffer bpp 32
[ 11485.232] (==) vmware(0): RGB weight 888
[ 11485.232] (==) vmware(0): Default visual is TrueColor
[ 11485.232] (--) vmware(0): Min width 1, Max Width 8192.
[ 11485.232] (--) vmware(0): Min height 1, Max Height 8192.
[ 11485.233] (II) vmware(0): Output Virtual1 has no monitor section
[ 11485.233] (II) vmware(0): Output Virtual2 has no monitor section
[ 11485.233] (II) vmware(0): Output Virtual3 has no monitor section
[ 11485.233] (II) vmware(0): Output Virtual4 has no monitor section
[ 11485.234] (II) vmware(0): Output Virtual5 has no monitor section
[ 11485.235] (II) vmware(0): Output Virtual6 has no monitor section
[ 11485.235] (II) vmware(0): Output Virtual7 has no monitor section
[ 11485.235] (II) vmware(0): Output Virtual8 has no monitor section
[ 11485.235] (II) vmware(0): Printing probed modes for output Virtual1
[ 11485.235] (II) vmware(0): Modeline "930x656"x60.0   52.22  930 980 1030 1080  656 706 756 806 -hsync +vsync (48.4 kHz eP)
[ 11485.235] (II) vmware(0): Modeline "2560x1600"x60.0  348.50  2560 2752 3032 3504  1600 1603 1609 1658 -hsync +vsync (99.5 kHz e)
[ 11485.235] (II) vmware(0): Modeline "1920x1440"x60.0  234.00  1920 2048 2256 2600  1440 1441 1444 1500 -hsync +vsync (90.0 kHz e)
[ 11485.235] (II) vmware(0): Modeline "1856x1392"x60.0  218.25  1856 1952 2176 2528  1392 1393 1396 1439 -hsync +vsync (86.3 kHz e)
[ 11485.235] (II) vmware(0): Modeline "1792x1344"x60.0  204.75  1792 1920 2120 2448  1344 1345 1348 1394 -hsync +vsync (83.6 kHz e)
[ 11485.235] (II) vmware(0): Modeline "1920x1200"x59.9  193.25  1920 2056 2256 2592  1200 1203 1209 1245 -hsync +vsync (74.6 kHz e)
[ 11485.236] (II) vmware(0): Modeline "1600x1200"x60.0  162.00  1600 1664 1856 2160  1200 1201 1204 1250 +hsync +vsync (75.0 kHz e)
[ 11485.236] (II) vmware(0): Modeline "1680x1050"x60.0  146.25  1680 1784 1960 2240  1050 1053 1059 1089 -hsync +vsync (65.3 kHz e)
[ 11485.236] (II) vmware(0): Modeline "1400x1050"x60.0  121.75  1400 1488 1632 1864  1050 1053 1057 1089 -hsync +vsync (65.3 kHz e)
[ 11485.236] (II) vmware(0): Modeline "1280x1024"x60.0  108.00  1280 1328 1440 1688  1024 1025 1028 1066 +hsync +vsync (64.0 kHz e)
[ 11485.236] (II) vmware(0): Modeline "1440x900"x59.9  106.50  1440 1520 1672 1904  900 903 909 934 -hsync +vsync (55.9 kHz e)
[ 11485.236] (II) vmware(0): Modeline "1280x960"x60.0  108.00  1280 1376 1488 1800  960 961 964 1000 +hsync +vsync (60.0 kHz e)
[ 11485.236] (II) vmware(0): Modeline "1360x768"x60.0   85.50  1360 1424 1536 1792  768 771 777 795 +hsync +vsync (47.7 kHz e)
[ 11485.236] (II) vmware(0): Modeline "1280x800"x59.8   83.50  1280 1352 1480 1680  800 803 809 831 +hsync -vsync (49.7 kHz e)
[ 11485.236] (II) vmware(0): Modeline "1152x864"x75.0  108.00  1152 1216 1344 1600  864 865 868 900 +hsync +vsync (67.5 kHz e)
[ 11485.236] (II) vmware(0): Modeline "1280x768"x59.9   79.50  1280 1344 1472 1664  768 771 778 798 -hsync +vsync (47.8 kHz e)
[ 11485.236] (II) vmware(0): Modeline "1024x768"x60.0   65.00  1024 1048 1184 1344  768 771 777 806 -hsync -vsync (48.4 kHz e)
[ 11485.236] (II) vmware(0): Modeline "800x600"x60.3   40.00  800 840 968 1056  600 601 605 628 +hsync +vsync (37.9 kHz e)
[ 11485.237] (II) vmware(0): Modeline "640x480"x59.9   25.18  640 656 752 800  480 489 492 525 -hsync -vsync (31.5 kHz e)
[ 11485.237] (II) vmware(0): EDID for output Virtual2
[ 11485.237] (II) vmware(0): EDID for output Virtual3
[ 11485.237] (II) vmware(0): EDID for output Virtual4
[ 11485.237] (II) vmware(0): EDID for output Virtual5
[ 11485.237] (II) vmware(0): EDID for output Virtual6
[ 11485.237] (II) vmware(0): EDID for output Virtual7
[ 11485.238] (II) vmware(0): EDID for output Virtual8
[ 11485.238] (II) vmware(0): Output Virtual1 connected
[ 11485.238] (II) vmware(0): Output Virtual2 disconnected
[ 11485.239] (II) vmware(0): Output Virtual3 disconnected
[ 11485.239] (II) vmware(0): Output Virtual4 disconnected
[ 11485.239] (II) vmware(0): Output Virtual5 disconnected
[ 11485.239] (II) vmware(0): Output Virtual6 disconnected
[ 11485.239] (II) vmware(0): Output Virtual7 disconnected
[ 11485.239] (II) vmware(0): Output Virtual8 disconnected
[ 11485.239] (II) vmware(0): Using exact sizes for initial modes
[ 11485.239] (II) vmware(0): Output Virtual1 using initial mode 930x656 +0+0
[ 11485.239] (==) vmware(0): DPI set to (96, 96)
[ 11485.239] (==) vmware(0): Using gamma correction (1.0, 1.0, 1.0)
[ 11485.239] (II) Loading sub module "fb"
[ 11485.239] (II) LoadModule: "fb"
[ 11485.240] (II) Loading /usr/lib/xorg/modules/libfb.so
[ 11485.250] (II) Module fb: vendor="X.Org Foundation"
[ 11485.250] 	compiled for 1.20.4, module version = 1.0.0
[ 11485.250] 	ABI class: X.Org ANSI C Emulation, version 0.4
[ 11485.250] (II) Loading sub module "dri2"
[ 11485.250] (II) LoadModule: "dri2"
[ 11485.250] (II) Module "dri2" already built-in
[ 11485.250] (II) Loading sub module "dri3"
[ 11485.250] (II) LoadModule: "dri3"
[ 11485.250] (II) Module "dri3" already built-in
[ 11485.250] (II) UnloadModule: "modesetting"
[ 11485.250] (II) Unloading modesetting
[ 11485.250] (II) UnloadModule: "fbdev"
[ 11485.250] (II) Unloading fbdev
[ 11485.250] (II) UnloadSubModule: "fbdevhw"
[ 11485.250] (II) Unloading fbdevhw
[ 11485.250] (II) UnloadModule: "vesa"
[ 11485.250] (II) Unloading vesa
[ 11485.252] (II) vmware(0): Initialized VMWARE_CTRL extension version 0.2
[ 11485.291] (WW) vmware(0): Failed to initialize Gallium3D Xa. No render acceleration available.
[ 11485.291] (WW) vmware(0): Skipped initialization of direct rendering due to lack of render acceleration.
[ 11485.291] (--) vmware(0): Render acceleration is disabled.
[ 11485.291] (==) vmware(0): Rendercheck mode is disabled.
[ 11485.291] (--) vmware(0): Direct rendering (DRI2 3D) is disabled.
[ 11485.291] (--) vmware(0): Direct rendering (DRI3 3D) is disabled.
[ 11485.292] (==) vmware(0): Backing store enabled
[ 11485.292] (==) vmware(0): Silken mouse enabled
[ 11485.294] (==) vmware(0): DPMS enabled
[ 11485.294] (II) vmware(0): No 3D acceleration. Not setting up textured video.
[ 11485.295] (WW) vmware(0): Disabling Xv because no adaptors could be initialized.
[ 11485.295] (II) Initializing extension Generic Event Extension
[ 11485.295] (II) Initializing extension SHAPE
[ 11485.295] (II) Initializing extension MIT-SHM
[ 11485.295] (II) Initializing extension XInputExtension
[ 11485.296] (II) Initializing extension XTEST
[ 11485.296] (II) Initializing extension BIG-REQUESTS
[ 11485.296] (II) Initializing extension SYNC
[ 11485.297] (II) Initializing extension XKEYBOARD
[ 11485.297] (II) Initializing extension XC-MISC
[ 11485.297] (II) Initializing extension SECURITY
[ 11485.297] (II) Initializing extension XFIXES
[ 11485.298] (II) Initializing extension RENDER
[ 11485.298] (II) Initializing extension RANDR
[ 11485.298] (II) Initializing extension COMPOSITE
[ 11485.298] (II) Initializing extension DAMAGE
[ 11485.299] (II) Initializing extension MIT-SCREEN-SAVER
[ 11485.299] (II) Initializing extension DOUBLE-BUFFER
[ 11485.299] (II) Initializing extension RECORD
[ 11485.299] (II) Initializing extension DPMS
[ 11485.300] (II) Initializing extension Present
[ 11485.300] (II) Initializing extension DRI3
[ 11485.300] (II) Initializing extension X-Resource
[ 11485.300] (II) Initializing extension XVideo
[ 11485.300] (II) Initializing extension XVideo-MotionCompensation
[ 11485.300] (II) Initializing extension SELinux
[ 11485.300] (II) SELinux: Disabled on system
[ 11485.301] (II) Initializing extension GLX
[ 11485.301] (II) AIGLX: Screen 0 is not DRI2 capable
[ 11485.305] (II) IGLX: Loaded and initialized swrast
[ 11485.305] (II) GLX: Initialized DRISWRAST GL provider for screen 0
[ 11485.305] (II) Initializing extension XFree86-VidModeExtension
[ 11485.305] (II) Initializing extension XFree86-DGA
[ 11485.305] (II) Initializing extension XFree86-DRI
[ 11485.306] (II) Initializing extension DRI2
[ 11485.308] (II) vmware(0): Setting screen physical size to 246 x 173
[ 11485.345] (II) config/udev: Adding input device Power Button (/dev/input/event0)
[ 11485.346] (**) Power Button: Applying InputClass "libinput keyboard catchall"
[ 11485.346] (II) LoadModule: "libinput"
[ 11485.346] (II) Loading /usr/lib/xorg/modules/input/libinput_drv.so
[ 11485.349] (II) Module libinput: vendor="X.Org Foundation"
[ 11485.349] 	compiled for 1.20.1, module version = 0.28.1
[ 11485.349] 	Module class: X.Org XInput Driver
[ 11485.349] 	ABI class: X.Org XInput driver, version 24.1
[ 11485.349] (II) Using input driver 'libinput' for 'Power Button'
[ 11485.351] (II) systemd-logind: got fd for /dev/input/event0 13:64 fd 20 paused 0
[ 11485.351] (**) Power Button: always reports core events
[ 11485.351] (**) Option "Device" "/dev/input/event0"
[ 11485.351] (**) Option "_source" "server/udev"
[ 11485.352] (II) event0  - Power Button: is tagged by udev as: Keyboard
[ 11485.352] (II) event0  - Power Button: device is a keyboard
[ 11485.353] (II) event0  - Power Button: device removed
[ 11485.353] (**) Option "config_info" "udev:/sys/devices/LNXSYSTM:00/LNXPWRBN:00/input/input0/event0"
[ 11485.353] (II) XINPUT: Adding extended input device "Power Button" (type: KEYBOARD, id 6)
[ 11485.353] (**) Option "xkb_model" "pc105"
[ 11485.353] (**) Option "xkb_layout" "us"
[ 11485.353] (II) event0  - Power Button: is tagged by udev as: Keyboard
[ 11485.353] (II) event0  - Power Button: device is a keyboard
[ 11485.354] (II) config/udev: Adding input device Sleep Button (/dev/input/event1)
[ 11485.354] (**) Sleep Button: Applying InputClass "libinput keyboard catchall"
[ 11485.354] (II) Using input driver 'libinput' for 'Sleep Button'
[ 11485.355] (II) systemd-logind: got fd for /dev/input/event1 13:65 fd 23 paused 0
[ 11485.355] (**) Sleep Button: always reports core events
[ 11485.355] (**) Option "Device" "/dev/input/event1"
[ 11485.355] (**) Option "_source" "server/udev"
[ 11485.355] (II) event1  - Sleep Button: is tagged by udev as: Keyboard
[ 11485.355] (II) event1  - Sleep Button: device is a keyboard
[ 11485.355] (II) event1  - Sleep Button: device removed
[ 11485.355] (**) Option "config_info" "udev:/sys/devices/LNXSYSTM:00/LNXSLPBN:00/input/input1/event1"
[ 11485.355] (II) XINPUT: Adding extended input device "Sleep Button" (type: KEYBOARD, id 7)
[ 11485.355] (**) Option "xkb_model" "pc105"
[ 11485.356] (**) Option "xkb_layout" "us"
[ 11485.356] (II) event1  - Sleep Button: is tagged by udev as: Keyboard
[ 11485.356] (II) event1  - Sleep Button: device is a keyboard
[ 11485.356] (II) config/udev: Adding input device Video Bus (/dev/input/event3)
[ 11485.356] (**) Video Bus: Applying InputClass "libinput keyboard catchall"
[ 11485.356] (II) Using input driver 'libinput' for 'Video Bus'
[ 11485.359] (II) systemd-logind: got fd for /dev/input/event3 13:67 fd 24 paused 0
[ 11485.359] (**) Video Bus: always reports core events
[ 11485.359] (**) Option "Device" "/dev/input/event3"
[ 11485.359] (**) Option "_source" "server/udev"
[ 11485.359] (II) event3  - Video Bus: is tagged by udev as: Keyboard
[ 11485.359] (II) event3  - Video Bus: device is a keyboard
[ 11485.359] (II) event3  - Video Bus: device removed
[ 11485.359] (**) Option "config_info" "udev:/sys/devices/LNXSYSTM:00/LNXSYBUS:00/PNP0A03:00/LNXVIDEO:00/input/input4/event3"
[ 11485.359] (II) XINPUT: Adding extended input device "Video Bus" (type: KEYBOARD, id 8)
[ 11485.359] (**) Option "xkb_model" "pc105"
[ 11485.359] (**) Option "xkb_layout" "us"
[ 11485.361] (II) event3  - Video Bus: is tagged by udev as: Keyboard
[ 11485.361] (II) event3  - Video Bus: device is a keyboard
[ 11485.362] (II) config/udev: Adding input device VirtualBox mouse integration (/dev/input/event6)
[ 11485.362] (**) VirtualBox mouse integration: Applying InputClass "libinput pointer catchall"
[ 11485.362] (II) Using input driver 'libinput' for 'VirtualBox mouse integration'
[ 11485.363] (II) systemd-logind: got fd for /dev/input/event6 13:70 fd 25 paused 0
[ 11485.363] (**) VirtualBox mouse integration: always reports core events
[ 11485.363] (**) Option "Device" "/dev/input/event6"
[ 11485.363] (**) Option "_source" "server/udev"
[ 11485.364] (II) event6  - VirtualBox mouse integration: is tagged by udev as: Mouse
[ 11485.364] (II) event6  - VirtualBox mouse integration: device is a pointer
[ 11485.364] (II) event6  - VirtualBox mouse integration: device removed
[ 11485.364] (**) Option "config_info" "udev:/sys/devices/pci0000:00/0000:00:04.0/input/input7/event6"
[ 11485.364] (II) XINPUT: Adding extended input device "VirtualBox mouse integration" (type: MOUSE, id 9)
[ 11485.364] (**) Option "AccelerationScheme" "none"
[ 11485.364] (**) VirtualBox mouse integration: (accel) selected scheme none/0
[ 11485.364] (**) VirtualBox mouse integration: (accel) acceleration factor: 2.000
[ 11485.364] (**) VirtualBox mouse integration: (accel) acceleration threshold: 4
[ 11485.364] (II) event6  - VirtualBox mouse integration: is tagged by udev as: Mouse
[ 11485.364] (II) event6  - VirtualBox mouse integration: device is a pointer
[ 11485.365] (II) config/udev: Adding input device VirtualBox mouse integration (/dev/input/js1)
[ 11485.365] (II) No input driver specified, ignoring this device.
[ 11485.365] (II) This device may have been added with another device file.
[ 11485.365] (II) config/udev: Adding input device VirtualBox USB Tablet (/dev/input/event5)
[ 11485.365] (**) VirtualBox USB Tablet: Applying InputClass "libinput pointer catchall"
[ 11485.365] (II) Using input driver 'libinput' for 'VirtualBox USB Tablet'
[ 11485.431] (II) systemd-logind: got fd for /dev/input/event5 13:69 fd 26 paused 0
[ 11485.431] (**) VirtualBox USB Tablet: always reports core events
[ 11485.431] (**) Option "Device" "/dev/input/event5"
[ 11485.431] (**) Option "_source" "server/udev"
[ 11485.432] (II) event5  - VirtualBox USB Tablet: is tagged by udev as: Mouse
[ 11485.432] (II) event5  - VirtualBox USB Tablet: device is a pointer
[ 11485.432] (II) event5  - VirtualBox USB Tablet: device removed
[ 11485.432] (**) Option "config_info" "udev:/sys/devices/pci0000:00/0000:00:06.0/usb2/2-1/2-1:1.0/0003:80EE:0021.0001/input/input6/event5"
[ 11485.432] (II) XINPUT: Adding extended input device "VirtualBox USB Tablet" (type: MOUSE, id 10)
[ 11485.432] (**) Option "AccelerationScheme" "none"
[ 11485.432] (**) VirtualBox USB Tablet: (accel) selected scheme none/0
[ 11485.432] (**) VirtualBox USB Tablet: (accel) acceleration factor: 2.000
[ 11485.432] (**) VirtualBox USB Tablet: (accel) acceleration threshold: 4
[ 11485.432] (II) event5  - VirtualBox USB Tablet: is tagged by udev as: Mouse
[ 11485.432] (II) event5  - VirtualBox USB Tablet: device is a pointer
[ 11485.433] (II) config/udev: Adding input device VirtualBox USB Tablet (/dev/input/js0)
[ 11485.433] (II) No input driver specified, ignoring this device.
[ 11485.433] (II) This device may have been added with another device file.
[ 11485.433] (II) config/udev: Adding input device VirtualBox USB Tablet (/dev/input/mouse1)
[ 11485.433] (II) No input driver specified, ignoring this device.
[ 11485.433] (II) This device may have been added with another device file.
[ 11485.434] (II) config/udev: Adding input device AT Translated Set 2 keyboard (/dev/input/event2)
[ 11485.434] (**) AT Translated Set 2 keyboard: Applying InputClass "libinput keyboard catchall"
[ 11485.434] (II) Using input driver 'libinput' for 'AT Translated Set 2 keyboard'
[ 11485.436] (II) systemd-logind: got fd for /dev/input/event2 13:66 fd 27 paused 0
[ 11485.436] (**) AT Translated Set 2 keyboard: always reports core events
[ 11485.436] (**) Option "Device" "/dev/input/event2"
[ 11485.436] (**) Option "_source" "server/udev"
[ 11485.436] (II) event2  - AT Translated Set 2 keyboard: is tagged by udev as: Keyboard
[ 11485.436] (II) event2  - AT Translated Set 2 keyboard: device is a keyboard
[ 11485.436] (II) event2  - AT Translated Set 2 keyboard: device removed
[ 11485.436] (**) Option "config_info" "udev:/sys/devices/platform/i8042/serio0/input/input2/event2"
[ 11485.436] (II) XINPUT: Adding extended input device "AT Translated Set 2 keyboard" (type: KEYBOARD, id 11)
[ 11485.436] (**) Option "xkb_model" "pc105"
[ 11485.436] (**) Option "xkb_layout" "us"
[ 11485.437] (II) event2  - AT Translated Set 2 keyboard: is tagged by udev as: Keyboard
[ 11485.437] (II) event2  - AT Translated Set 2 keyboard: device is a keyboard
[ 11485.437] (II) config/udev: Adding input device ImExPS/2 Generic Explorer Mouse (/dev/input/event4)
[ 11485.437] (**) ImExPS/2 Generic Explorer Mouse: Applying InputClass "libinput pointer catchall"
[ 11485.437] (II) Using input driver 'libinput' for 'ImExPS/2 Generic Explorer Mouse'
[ 11485.438] (II) systemd-logind: got fd for /dev/input/event4 13:68 fd 28 paused 0
[ 11485.438] (**) ImExPS/2 Generic Explorer Mouse: always reports core events
[ 11485.438] (**) Option "Device" "/dev/input/event4"
[ 11485.438] (**) Option "_source" "server/udev"
[ 11485.438] (II) event4  - ImExPS/2 Generic Explorer Mouse: is tagged by udev as: Mouse
[ 11485.438] (II) event4  - ImExPS/2 Generic Explorer Mouse: device is a pointer
[ 11485.438] (II) event4  - ImExPS/2 Generic Explorer Mouse: device removed
[ 11485.438] (**) Option "config_info" "udev:/sys/devices/platform/i8042/serio1/input/input5/event4"
[ 11485.438] (II) XINPUT: Adding extended input device "ImExPS/2 Generic Explorer Mouse" (type: MOUSE, id 12)
[ 11485.438] (**) Option "AccelerationScheme" "none"
[ 11485.438] (**) ImExPS/2 Generic Explorer Mouse: (accel) selected scheme none/0
[ 11485.438] (**) ImExPS/2 Generic Explorer Mouse: (accel) acceleration factor: 2.000
[ 11485.438] (**) ImExPS/2 Generic Explorer Mouse: (accel) acceleration threshold: 4
[ 11485.439] (II) event4  - ImExPS/2 Generic Explorer Mouse: is tagged by udev as: Mouse
[ 11485.439] (II) event4  - ImExPS/2 Generic Explorer Mouse: device is a pointer
[ 11485.439] (II) config/udev: Adding input device ImExPS/2 Generic Explorer Mouse (/dev/input/mouse0)
[ 11485.439] (II) No input driver specified, ignoring this device.
[ 11485.439] (II) This device may have been added with another device file.
[ 11486.668] (EE) No surface to present from.
